2019-03-09 16:54:43 INFO  web.context.ContextLoader:285 - Root WebApplicationContext: initialization started
2019-03-09 16:54:44 INFO  context.support.XmlWebApplicationContext:514 - Refreshing Root WebApplicationContext: startup date [Sat Mar 09 16:54:44 EET 2019]; root of context hierarchy
2019-03-09 16:54:44 INFO  factory.xml.XmlBeanDefinitionReader:317 - Loading XML bean definitions from ServletContext resource [/src/main/webapp/WEB-INF/beans_soap.xml]
2019-03-09 16:54:44 ERROR web.context.ContextLoader:331 - Context initialization failed
org.springframework.beans.factory.BeanDefinitionStoreException: IOException parsing XML document from ServletContext resource [/src/main/webapp/WEB-INF/beans_soap.xml]; nested exception is java.io.FileNotFoundException: Could not open ServletContext resource [/src/main/webapp/WEB-INF/beans_soap.xml]
	at org.springframework.beans.factory.xml.XmlBeanDefinitionReader.loadBeanDefinitions(XmlBeanDefinitionReader.java:344)
	at org.springframework.beans.factory.xml.XmlBeanDefinitionReader.loadBeanDefinitions(XmlBeanDefinitionReader.java:304)
	at org.springframework.beans.factory.support.AbstractBeanDefinitionReader.loadBeanDefinitions(AbstractBeanDefinitionReader.java:181)
	at org.springframework.beans.factory.support.AbstractBeanDefinitionReader.loadBeanDefinitions(AbstractBeanDefinitionReader.java:217)
	at org.springframework.beans.factory.support.AbstractBeanDefinitionReader.loadBeanDefinitions(AbstractBeanDefinitionReader.java:188)
	at org.springframework.web.context.support.XmlWebApplicationContext.loadBeanDefinitions(XmlWebApplicationContext.java:125)
	at org.springframework.web.context.support.XmlWebApplicationContext.loadBeanDefinitions(XmlWebApplicationContext.java:94)
	at org.springframework.context.support.AbstractRefreshableApplicationContext.refreshBeanFactory(AbstractRefreshableApplicationContext.java:129)
	at org.springframework.context.support.AbstractApplicationContext.obtainFreshBeanFactory(AbstractApplicationContext.java:541)
	at org.springframework.context.support.AbstractApplicationContext.refresh(AbstractApplicationContext.java:452)
	at org.springframework.web.context.ContextLoader.configureAndRefreshWebApplicationContext(ContextLoader.java:434)
	at org.springframework.web.context.ContextLoader.initWebApplicationContext(ContextLoader.java:306)
	at org.springframework.web.context.ContextLoaderListener.contextInitialized(ContextLoaderListener.java:106)
	at org.apache.catalina.core.StandardContext.listenerStart(StandardContext.java:4135)
	at org.apache.catalina.core.StandardContext.start(StandardContext.java:4630)
	at org.apache.catalina.core.ContainerBase.start(ContainerBase.java:1045)
	at org.apache.catalina.core.StandardHost.start(StandardHost.java:785)
	at org.apache.catalina.core.ContainerBase.start(ContainerBase.java:1045)
	at org.apache.catalina.core.StandardEngine.start(StandardEngine.java:445)
	at org.apache.catalina.startup.Embedded.start(Embedded.java:825)
	at org.codehaus.mojo.tomcat.AbstractRunMojo.startContainer(AbstractRunMojo.java:558)
	at org.codehaus.mojo.tomcat.AbstractRunMojo.execute(AbstractRunMojo.java:255)
	at org.apache.maven.plugin.DefaultBuildPluginManager.executeMojo(DefaultBuildPluginManager.java:137)
	at org.apache.maven.lifecycle.internal.MojoExecutor.execute(MojoExecutor.java:210)
	at org.apache.maven.lifecycle.internal.MojoExecutor.execute(MojoExecutor.java:156)
	at org.apache.maven.lifecycle.internal.MojoExecutor.execute(MojoExecutor.java:148)
	at org.apache.maven.lifecycle.internal.LifecycleModuleBuilder.buildProject(LifecycleModuleBuilder.java:117)
	at org.apache.maven.lifecycle.internal.LifecycleModuleBuilder.buildProject(LifecycleModuleBuilder.java:81)
	at org.apache.maven.lifecycle.internal.builder.singlethreaded.SingleThreadedBuilder.build(SingleThreadedBuilder.java:56)
	at org.apache.maven.lifecycle.internal.LifecycleStarter.execute(LifecycleStarter.java:128)
	at org.apache.maven.DefaultMaven.doExecute(DefaultMaven.java:305)
	at org.apache.maven.DefaultMaven.doExecute(DefaultMaven.java:192)
	at org.apache.maven.DefaultMaven.execute(DefaultMaven.java:105)
	at org.apache.maven.cli.MavenCli.execute(MavenCli.java:956)
	at org.apache.maven.cli.MavenCli.doMain(MavenCli.java:288)
	at org.apache.maven.cli.MavenCli.main(MavenCli.java:192)
	at sun.reflect.NativeMethodAccessorImpl.invoke0(Native Method)
	at sun.reflect.NativeMethodAccessorImpl.invoke(NativeMethodAccessorImpl.java:62)
	at sun.reflect.DelegatingMethodAccessorImpl.invoke(DelegatingMethodAccessorImpl.java:43)
	at java.lang.reflect.Method.invoke(Method.java:498)
	at org.codehaus.plexus.classworlds.launcher.Launcher.launchEnhanced(Launcher.java:289)
	at org.codehaus.plexus.classworlds.launcher.Launcher.launch(Launcher.java:229)
	at org.codehaus.plexus.classworlds.launcher.Launcher.mainWithExitCode(Launcher.java:415)
	at org.codehaus.plexus.classworlds.launcher.Launcher.main(Launcher.java:356)
Caused by: java.io.FileNotFoundException: Could not open ServletContext resource [/src/main/webapp/WEB-INF/beans_soap.xml]
	at org.springframework.web.context.support.ServletContextResource.getInputStream(ServletContextResource.java:141)
	at org.springframework.beans.factory.xml.XmlBeanDefinitionReader.loadBeanDefinitions(XmlBeanDefinitionReader.java:330)
	... 43 more
2019-03-09 16:54:44 INFO  context.support.XmlWebApplicationContext:869 - Closing Root WebApplicationContext: startup date [Sat Mar 09 16:54:44 EET 2019]; root of context hierarchy
2019-03-09 16:54:44 WARN  context.support.XmlWebApplicationContext:879 - Exception thrown from ApplicationListener handling ContextClosedEvent
java.lang.IllegalStateException: ApplicationEventMulticaster not initialized - call 'refresh' before multicasting events via the context: Root WebApplicationContext: startup date [Sat Mar 09 16:54:44 EET 2019]; root of context hierarchy
	at org.springframework.context.support.AbstractApplicationContext.getApplicationEventMulticaster(AbstractApplicationContext.java:344)
	at org.springframework.context.support.AbstractApplicationContext.publishEvent(AbstractApplicationContext.java:331)
	at org.springframework.context.support.AbstractApplicationContext.doClose(AbstractApplicationContext.java:876)
	at org.springframework.context.support.AbstractApplicationContext.close(AbstractApplicationContext.java:843)
	at org.springframework.web.context.ContextLoader.closeWebApplicationContext(ContextLoader.java:578)
	at org.springframework.web.context.ContextLoaderListener.contextDestroyed(ContextLoaderListener.java:115)
	at org.apache.catalina.core.StandardContext.listenerStop(StandardContext.java:4174)
	at org.apache.catalina.core.StandardContext.stop(StandardContext.java:4778)
	at org.apache.catalina.core.StandardContext.start(StandardContext.java:4675)
	at org.apache.catalina.core.ContainerBase.start(ContainerBase.java:1045)
	at org.apache.catalina.core.StandardHost.start(StandardHost.java:785)
	at org.apache.catalina.core.ContainerBase.start(ContainerBase.java:1045)
	at org.apache.catalina.core.StandardEngine.start(StandardEngine.java:445)
	at org.apache.catalina.startup.Embedded.start(Embedded.java:825)
	at org.codehaus.mojo.tomcat.AbstractRunMojo.startContainer(AbstractRunMojo.java:558)
	at org.codehaus.mojo.tomcat.AbstractRunMojo.execute(AbstractRunMojo.java:255)
	at org.apache.maven.plugin.DefaultBuildPluginManager.executeMojo(DefaultBuildPluginManager.java:137)
	at org.apache.maven.lifecycle.internal.MojoExecutor.execute(MojoExecutor.java:210)
	at org.apache.maven.lifecycle.internal.MojoExecutor.execute(MojoExecutor.java:156)
	at org.apache.maven.lifecycle.internal.MojoExecutor.execute(MojoExecutor.java:148)
	at org.apache.maven.lifecycle.internal.LifecycleModuleBuilder.buildProject(LifecycleModuleBuilder.java:117)
	at org.apache.maven.lifecycle.internal.LifecycleModuleBuilder.buildProject(LifecycleModuleBuilder.java:81)
	at org.apache.maven.lifecycle.internal.builder.singlethreaded.SingleThreadedBuilder.build(SingleThreadedBuilder.java:56)
	at org.apache.maven.lifecycle.internal.LifecycleStarter.execute(LifecycleStarter.java:128)
	at org.apache.maven.DefaultMaven.doExecute(DefaultMaven.java:305)
	at org.apache.maven.DefaultMaven.doExecute(DefaultMaven.java:192)
	at org.apache.maven.DefaultMaven.execute(DefaultMaven.java:105)
	at org.apache.maven.cli.MavenCli.execute(MavenCli.java:956)
	at org.apache.maven.cli.MavenCli.doMain(MavenCli.java:288)
	at org.apache.maven.cli.MavenCli.main(MavenCli.java:192)
	at sun.reflect.NativeMethodAccessorImpl.invoke0(Native Method)
	at sun.reflect.NativeMethodAccessorImpl.invoke(NativeMethodAccessorImpl.java:62)
	at sun.reflect.DelegatingMethodAccessorImpl.invoke(DelegatingMethodAccessorImpl.java:43)
	at java.lang.reflect.Method.invoke(Method.java:498)
	at org.codehaus.plexus.classworlds.launcher.Launcher.launchEnhanced(Launcher.java:289)
	at org.codehaus.plexus.classworlds.launcher.Launcher.launch(Launcher.java:229)
	at org.codehaus.plexus.classworlds.launcher.Launcher.mainWithExitCode(Launcher.java:415)
	at org.codehaus.plexus.classworlds.launcher.Launcher.main(Launcher.java:356)
2019-03-09 16:54:44 WARN  context.support.XmlWebApplicationContext:887 - Exception thrown from LifecycleProcessor on context close
java.lang.IllegalStateException: LifecycleProcessor not initialized - call 'refresh' before invoking lifecycle methods via the context: Root WebApplicationContext: startup date [Sat Mar 09 16:54:44 EET 2019]; root of context hierarchy
	at org.springframework.context.support.AbstractApplicationContext.getLifecycleProcessor(AbstractApplicationContext.java:357)
	at org.springframework.context.support.AbstractApplicationContext.doClose(AbstractApplicationContext.java:884)
	at org.springframework.context.support.AbstractApplicationContext.close(AbstractApplicationContext.java:843)
	at org.springframework.web.context.ContextLoader.closeWebApplicationContext(ContextLoader.java:578)
	at org.springframework.web.context.ContextLoaderListener.contextDestroyed(ContextLoaderListener.java:115)
	at org.apache.catalina.core.StandardContext.listenerStop(StandardContext.java:4174)
	at org.apache.catalina.core.StandardContext.stop(StandardContext.java:4778)
	at org.apache.catalina.core.StandardContext.start(StandardContext.java:4675)
	at org.apache.catalina.core.ContainerBase.start(ContainerBase.java:1045)
	at org.apache.catalina.core.StandardHost.start(StandardHost.java:785)
	at org.apache.catalina.core.ContainerBase.start(ContainerBase.java:1045)
	at org.apache.catalina.core.StandardEngine.start(StandardEngine.java:445)
	at org.apache.catalina.startup.Embedded.start(Embedded.java:825)
	at org.codehaus.mojo.tomcat.AbstractRunMojo.startContainer(AbstractRunMojo.java:558)
	at org.codehaus.mojo.tomcat.AbstractRunMojo.execute(AbstractRunMojo.java:255)
	at org.apache.maven.plugin.DefaultBuildPluginManager.executeMojo(DefaultBuildPluginManager.java:137)
	at org.apache.maven.lifecycle.internal.MojoExecutor.execute(MojoExecutor.java:210)
	at org.apache.maven.lifecycle.internal.MojoExecutor.execute(MojoExecutor.java:156)
	at org.apache.maven.lifecycle.internal.MojoExecutor.execute(MojoExecutor.java:148)
	at org.apache.maven.lifecycle.internal.LifecycleModuleBuilder.buildProject(LifecycleModuleBuilder.java:117)
	at org.apache.maven.lifecycle.internal.LifecycleModuleBuilder.buildProject(LifecycleModuleBuilder.java:81)
	at org.apache.maven.lifecycle.internal.builder.singlethreaded.SingleThreadedBuilder.build(SingleThreadedBuilder.java:56)
	at org.apache.maven.lifecycle.internal.LifecycleStarter.execute(LifecycleStarter.java:128)
	at org.apache.maven.DefaultMaven.doExecute(DefaultMaven.java:305)
	at org.apache.maven.DefaultMaven.doExecute(DefaultMaven.java:192)
	at org.apache.maven.DefaultMaven.execute(DefaultMaven.java:105)
	at org.apache.maven.cli.MavenCli.execute(MavenCli.java:956)
	at org.apache.maven.cli.MavenCli.doMain(MavenCli.java:288)
	at org.apache.maven.cli.MavenCli.main(MavenCli.java:192)
	at sun.reflect.NativeMethodAccessorImpl.invoke0(Native Method)
	at sun.reflect.NativeMethodAccessorImpl.invoke(NativeMethodAccessorImpl.java:62)
	at sun.reflect.DelegatingMethodAccessorImpl.invoke(DelegatingMethodAccessorImpl.java:43)
	at java.lang.reflect.Method.invoke(Method.java:498)
	at org.codehaus.plexus.classworlds.launcher.Launcher.launchEnhanced(Launcher.java:289)
	at org.codehaus.plexus.classworlds.launcher.Launcher.launch(Launcher.java:229)
	at org.codehaus.plexus.classworlds.launcher.Launcher.mainWithExitCode(Launcher.java:415)
	at org.codehaus.plexus.classworlds.launcher.Launcher.main(Launcher.java:356)
2019-03-09 17:04:51 INFO  web.context.ContextLoader:285 - Root WebApplicationContext: initialization started
2019-03-09 17:04:52 INFO  context.support.XmlWebApplicationContext:514 - Refreshing Root WebApplicationContext: startup date [Sat Mar 09 17:04:52 EET 2019]; root of context hierarchy
2019-03-09 17:04:52 INFO  factory.xml.XmlBeanDefinitionReader:317 - Loading XML bean definitions from ServletContext resource [/WEB-INF/beans_soap.xml]
2019-03-09 17:04:52 INFO  factory.xml.XmlBeanDefinitionReader:317 - Loading XML bean definitions from class path resource [META-INF/cxf/cxf.xml]
2019-03-09 17:04:53 INFO  factory.xml.XmlBeanDefinitionReader:317 - Loading XML bean definitions from ServletContext resource [/WEB-INF/beans_rest.xml]
2019-03-09 17:04:53 INFO  factory.xml.XmlBeanDefinitionReader:317 - Loading XML bean definitions from class path resource [META-INF/cxf/cxf.xml]
2019-03-09 17:04:53 INFO  factory.support.DefaultListableBeanFactory:822 - Overriding bean definition for bean 'cxf': replacing [Generic bean: class [org.apache.cxf.bus.spring.SpringBus]; scope=; abstract=false; lazyInit=false; autowireMode=0; dependencyCheck=0; autowireCandidate=true; primary=false; factoryBeanName=null; factoryMethodName=null; initMethodName=null; destroyMethodName=shutdown; defined in class path resource [META-INF/cxf/cxf.xml]] with [Generic bean: class [org.apache.cxf.bus.spring.SpringBus]; scope=; abstract=false; lazyInit=false; autowireMode=0; dependencyCheck=0; autowireCandidate=true; primary=false; factoryBeanName=null; factoryMethodName=null; initMethodName=null; destroyMethodName=shutdown; defined in class path resource [META-INF/cxf/cxf.xml]]
2019-03-09 17:04:53 INFO  factory.support.DefaultListableBeanFactory:822 - Overriding bean definition for bean 'org.apache.cxf.bus.spring.BusWiringBeanFactoryPostProcessor': replacing [Generic bean: class [org.apache.cxf.bus.spring.BusWiringBeanFactoryPostProcessor]; scope=; abstract=false; lazyInit=false; autowireMode=0; dependencyCheck=0; autowireCandidate=true; primary=false; factoryBeanName=null; factoryMethodName=null; initMethodName=null; destroyMethodName=null; defined in class path resource [META-INF/cxf/cxf.xml]] with [Generic bean: class [org.apache.cxf.bus.spring.BusWiringBeanFactoryPostProcessor]; scope=; abstract=false; lazyInit=false; autowireMode=0; dependencyCheck=0; autowireCandidate=true; primary=false; factoryBeanName=null; factoryMethodName=null; initMethodName=null; destroyMethodName=null; defined in class path resource [META-INF/cxf/cxf.xml]]
2019-03-09 17:04:53 INFO  factory.support.DefaultListableBeanFactory:822 - Overriding bean definition for bean 'org.apache.cxf.bus.spring.Jsr250BeanPostProcessor': replacing [Generic bean: class [org.apache.cxf.bus.spring.Jsr250BeanPostProcessor]; scope=; abstract=false; lazyInit=false; autowireMode=0; dependencyCheck=0; autowireCandidate=true; primary=false; factoryBeanName=null; factoryMethodName=null; initMethodName=null; destroyMethodName=null; defined in class path resource [META-INF/cxf/cxf.xml]] with [Generic bean: class [org.apache.cxf.bus.spring.Jsr250BeanPostProcessor]; scope=; abstract=false; lazyInit=false; autowireMode=0; dependencyCheck=0; autowireCandidate=true; primary=false; factoryBeanName=null; factoryMethodName=null; initMethodName=null; destroyMethodName=null; defined in class path resource [META-INF/cxf/cxf.xml]]
2019-03-09 17:04:53 INFO  factory.support.DefaultListableBeanFactory:822 - Overriding bean definition for bean 'org.apache.cxf.bus.spring.BusExtensionPostProcessor': replacing [Generic bean: class [org.apache.cxf.bus.spring.BusExtensionPostProcessor]; scope=; abstract=false; lazyInit=false; autowireMode=0; dependencyCheck=0; autowireCandidate=true; primary=false; factoryBeanName=null; factoryMethodName=null; initMethodName=null; destroyMethodName=null; defined in class path resource [META-INF/cxf/cxf.xml]] with [Generic bean: class [org.apache.cxf.bus.spring.BusExtensionPostProcessor]; scope=; abstract=false; lazyInit=false; autowireMode=0; dependencyCheck=0; autowireCandidate=true; primary=false; factoryBeanName=null; factoryMethodName=null; initMethodName=null; destroyMethodName=null; defined in class path resource [META-INF/cxf/cxf.xml]]
2019-03-09 17:04:53 INFO  factory.annotation.AutowiredAnnotationBeanPostProcessor:153 - JSR-330 'javax.inject.Inject' annotation found and supported for autowiring
2019-03-09 17:04:56 INFO  web.context.ContextLoader:325 - Root WebApplicationContext: initialization completed in 5124 ms
2019-03-09 17:08:42 INFO  web.context.ContextLoader:285 - Root WebApplicationContext: initialization started
2019-03-09 17:08:43 INFO  context.support.XmlWebApplicationContext:514 - Refreshing Root WebApplicationContext: startup date [Sat Mar 09 17:08:43 EET 2019]; root of context hierarchy
2019-03-09 17:08:43 INFO  factory.xml.XmlBeanDefinitionReader:317 - Loading XML bean definitions from ServletContext resource [/WEB-INF/beans_soap.xml]
2019-03-09 17:08:43 INFO  factory.xml.XmlBeanDefinitionReader:317 - Loading XML bean definitions from class path resource [META-INF/cxf/cxf.xml]
2019-03-09 17:08:43 INFO  factory.xml.XmlBeanDefinitionReader:317 - Loading XML bean definitions from ServletContext resource [/WEB-INF/beans_rest.xml]
2019-03-09 17:08:43 INFO  factory.xml.XmlBeanDefinitionReader:317 - Loading XML bean definitions from class path resource [META-INF/cxf/cxf.xml]
2019-03-09 17:08:43 INFO  factory.support.DefaultListableBeanFactory:822 - Overriding bean definition for bean 'cxf': replacing [Generic bean: class [org.apache.cxf.bus.spring.SpringBus]; scope=; abstract=false; lazyInit=false; autowireMode=0; dependencyCheck=0; autowireCandidate=true; primary=false; factoryBeanName=null; factoryMethodName=null; initMethodName=null; destroyMethodName=shutdown; defined in class path resource [META-INF/cxf/cxf.xml]] with [Generic bean: class [org.apache.cxf.bus.spring.SpringBus]; scope=; abstract=false; lazyInit=false; autowireMode=0; dependencyCheck=0; autowireCandidate=true; primary=false; factoryBeanName=null; factoryMethodName=null; initMethodName=null; destroyMethodName=shutdown; defined in class path resource [META-INF/cxf/cxf.xml]]
2019-03-09 17:08:43 INFO  factory.support.DefaultListableBeanFactory:822 - Overriding bean definition for bean 'org.apache.cxf.bus.spring.BusWiringBeanFactoryPostProcessor': replacing [Generic bean: class [org.apache.cxf.bus.spring.BusWiringBeanFactoryPostProcessor]; scope=; abstract=false; lazyInit=false; autowireMode=0; dependencyCheck=0; autowireCandidate=true; primary=false; factoryBeanName=null; factoryMethodName=null; initMethodName=null; destroyMethodName=null; defined in class path resource [META-INF/cxf/cxf.xml]] with [Generic bean: class [org.apache.cxf.bus.spring.BusWiringBeanFactoryPostProcessor]; scope=; abstract=false; lazyInit=false; autowireMode=0; dependencyCheck=0; autowireCandidate=true; primary=false; factoryBeanName=null; factoryMethodName=null; initMethodName=null; destroyMethodName=null; defined in class path resource [META-INF/cxf/cxf.xml]]
2019-03-09 17:08:43 INFO  factory.support.DefaultListableBeanFactory:822 - Overriding bean definition for bean 'org.apache.cxf.bus.spring.Jsr250BeanPostProcessor': replacing [Generic bean: class [org.apache.cxf.bus.spring.Jsr250BeanPostProcessor]; scope=; abstract=false; lazyInit=false; autowireMode=0; dependencyCheck=0; autowireCandidate=true; primary=false; factoryBeanName=null; factoryMethodName=null; initMethodName=null; destroyMethodName=null; defined in class path resource [META-INF/cxf/cxf.xml]] with [Generic bean: class [org.apache.cxf.bus.spring.Jsr250BeanPostProcessor]; scope=; abstract=false; lazyInit=false; autowireMode=0; dependencyCheck=0; autowireCandidate=true; primary=false; factoryBeanName=null; factoryMethodName=null; initMethodName=null; destroyMethodName=null; defined in class path resource [META-INF/cxf/cxf.xml]]
2019-03-09 17:08:43 INFO  factory.support.DefaultListableBeanFactory:822 - Overriding bean definition for bean 'org.apache.cxf.bus.spring.BusExtensionPostProcessor': replacing [Generic bean: class [org.apache.cxf.bus.spring.BusExtensionPostProcessor]; scope=; abstract=false; lazyInit=false; autowireMode=0; dependencyCheck=0; autowireCandidate=true; primary=false; factoryBeanName=null; factoryMethodName=null; initMethodName=null; destroyMethodName=null; defined in class path resource [META-INF/cxf/cxf.xml]] with [Generic bean: class [org.apache.cxf.bus.spring.BusExtensionPostProcessor]; scope=; abstract=false; lazyInit=false; autowireMode=0; dependencyCheck=0; autowireCandidate=true; primary=false; factoryBeanName=null; factoryMethodName=null; initMethodName=null; destroyMethodName=null; defined in class path resource [META-INF/cxf/cxf.xml]]
2019-03-09 17:08:44 INFO  factory.annotation.AutowiredAnnotationBeanPostProcessor:153 - JSR-330 'javax.inject.Inject' annotation found and supported for autowiring
2019-03-09 17:08:46 INFO  web.context.ContextLoader:325 - Root WebApplicationContext: initialization completed in 4171 ms
2019-03-10 00:09:15 INFO  web.rest.MailServiceImpl:15 - sendMail method
2019-03-10 00:09:16 INFO  lab.dao.MailDAO:18 - addMail method
2019-03-10 19:35:45 INFO  web.rest.MailServiceImpl:15 - sendMail method
2019-03-10 19:35:47 INFO  lab.dao.MailDAO:18 - addMail method
2019-03-10 19:35:50 WARN  web.rest.MailServiceImpl:21 - Such mail already exist
2019-03-10 19:38:01 INFO  web.context.ContextLoader:285 - Root WebApplicationContext: initialization started
2019-03-10 19:38:01 INFO  context.support.XmlWebApplicationContext:514 - Refreshing Root WebApplicationContext: startup date [Sun Mar 10 19:38:01 EET 2019]; root of context hierarchy
2019-03-10 19:38:02 INFO  factory.xml.XmlBeanDefinitionReader:317 - Loading XML bean definitions from ServletContext resource [/WEB-INF/beans_soap.xml]
2019-03-10 19:38:02 INFO  factory.xml.XmlBeanDefinitionReader:317 - Loading XML bean definitions from class path resource [META-INF/cxf/cxf.xml]
2019-03-10 19:38:03 INFO  factory.xml.XmlBeanDefinitionReader:317 - Loading XML bean definitions from ServletContext resource [/WEB-INF/beans_rest.xml]
2019-03-10 19:38:03 INFO  factory.xml.XmlBeanDefinitionReader:317 - Loading XML bean definitions from class path resource [META-INF/cxf/cxf.xml]
2019-03-10 19:38:03 INFO  factory.support.DefaultListableBeanFactory:822 - Overriding bean definition for bean 'cxf': replacing [Generic bean: class [org.apache.cxf.bus.spring.SpringBus]; scope=; abstract=false; lazyInit=false; autowireMode=0; dependencyCheck=0; autowireCandidate=true; primary=false; factoryBeanName=null; factoryMethodName=null; initMethodName=null; destroyMethodName=shutdown; defined in class path resource [META-INF/cxf/cxf.xml]] with [Generic bean: class [org.apache.cxf.bus.spring.SpringBus]; scope=; abstract=false; lazyInit=false; autowireMode=0; dependencyCheck=0; autowireCandidate=true; primary=false; factoryBeanName=null; factoryMethodName=null; initMethodName=null; destroyMethodName=shutdown; defined in class path resource [META-INF/cxf/cxf.xml]]
2019-03-10 19:38:03 INFO  factory.support.DefaultListableBeanFactory:822 - Overriding bean definition for bean 'org.apache.cxf.bus.spring.BusWiringBeanFactoryPostProcessor': replacing [Generic bean: class [org.apache.cxf.bus.spring.BusWiringBeanFactoryPostProcessor]; scope=; abstract=false; lazyInit=false; autowireMode=0; dependencyCheck=0; autowireCandidate=true; primary=false; factoryBeanName=null; factoryMethodName=null; initMethodName=null; destroyMethodName=null; defined in class path resource [META-INF/cxf/cxf.xml]] with [Generic bean: class [org.apache.cxf.bus.spring.BusWiringBeanFactoryPostProcessor]; scope=; abstract=false; lazyInit=false; autowireMode=0; dependencyCheck=0; autowireCandidate=true; primary=false; factoryBeanName=null; factoryMethodName=null; initMethodName=null; destroyMethodName=null; defined in class path resource [META-INF/cxf/cxf.xml]]
2019-03-10 19:38:03 INFO  factory.support.DefaultListableBeanFactory:822 - Overriding bean definition for bean 'org.apache.cxf.bus.spring.Jsr250BeanPostProcessor': replacing [Generic bean: class [org.apache.cxf.bus.spring.Jsr250BeanPostProcessor]; scope=; abstract=false; lazyInit=false; autowireMode=0; dependencyCheck=0; autowireCandidate=true; primary=false; factoryBeanName=null; factoryMethodName=null; initMethodName=null; destroyMethodName=null; defined in class path resource [META-INF/cxf/cxf.xml]] with [Generic bean: class [org.apache.cxf.bus.spring.Jsr250BeanPostProcessor]; scope=; abstract=false; lazyInit=false; autowireMode=0; dependencyCheck=0; autowireCandidate=true; primary=false; factoryBeanName=null; factoryMethodName=null; initMethodName=null; destroyMethodName=null; defined in class path resource [META-INF/cxf/cxf.xml]]
2019-03-10 19:38:03 INFO  factory.support.DefaultListableBeanFactory:822 - Overriding bean definition for bean 'org.apache.cxf.bus.spring.BusExtensionPostProcessor': replacing [Generic bean: class [org.apache.cxf.bus.spring.BusExtensionPostProcessor]; scope=; abstract=false; lazyInit=false; autowireMode=0; dependencyCheck=0; autowireCandidate=true; primary=false; factoryBeanName=null; factoryMethodName=null; initMethodName=null; destroyMethodName=null; defined in class path resource [META-INF/cxf/cxf.xml]] with [Generic bean: class [org.apache.cxf.bus.spring.BusExtensionPostProcessor]; scope=; abstract=false; lazyInit=false; autowireMode=0; dependencyCheck=0; autowireCandidate=true; primary=false; factoryBeanName=null; factoryMethodName=null; initMethodName=null; destroyMethodName=null; defined in class path resource [META-INF/cxf/cxf.xml]]
2019-03-10 19:38:03 INFO  factory.annotation.AutowiredAnnotationBeanPostProcessor:153 - JSR-330 'javax.inject.Inject' annotation found and supported for autowiring
2019-03-10 19:38:06 INFO  web.context.ContextLoader:325 - Root WebApplicationContext: initialization completed in 4897 ms
2019-03-10 19:38:50 INFO  web.rest.MailServiceImpl:15 - sendMail method
2019-03-10 19:38:50 INFO  lab.dao.MailDAO:18 - addMail method
2019-03-10 19:38:50 WARN  web.rest.MailServiceImpl:21 - Such mail already exist
2019-03-10 19:51:02 INFO  web.rest.MailServiceImpl:15 - sendMail method
2019-03-10 19:51:02 INFO  lab.dao.MailDAO:18 - addMail method
2019-03-10 19:51:02 WARN  web.rest.MailServiceImpl:21 - Such mail already exist
2019-03-10 20:11:07 INFO  web.context.ContextLoader:285 - Root WebApplicationContext: initialization started
2019-03-10 20:11:07 INFO  context.support.XmlWebApplicationContext:514 - Refreshing Root WebApplicationContext: startup date [Sun Mar 10 20:11:07 EET 2019]; root of context hierarchy
2019-03-10 20:11:07 INFO  factory.xml.XmlBeanDefinitionReader:317 - Loading XML bean definitions from ServletContext resource [/WEB-INF/beans_soap.xml]
2019-03-10 20:11:08 INFO  factory.xml.XmlBeanDefinitionReader:317 - Loading XML bean definitions from class path resource [META-INF/cxf/cxf.xml]
2019-03-10 20:11:08 INFO  factory.xml.XmlBeanDefinitionReader:317 - Loading XML bean definitions from ServletContext resource [/WEB-INF/beans_rest.xml]
2019-03-10 20:11:08 INFO  factory.xml.XmlBeanDefinitionReader:317 - Loading XML bean definitions from class path resource [META-INF/cxf/cxf.xml]
2019-03-10 20:11:08 INFO  factory.support.DefaultListableBeanFactory:822 - Overriding bean definition for bean 'cxf': replacing [Generic bean: class [org.apache.cxf.bus.spring.SpringBus]; scope=; abstract=false; lazyInit=false; autowireMode=0; dependencyCheck=0; autowireCandidate=true; primary=false; factoryBeanName=null; factoryMethodName=null; initMethodName=null; destroyMethodName=shutdown; defined in class path resource [META-INF/cxf/cxf.xml]] with [Generic bean: class [org.apache.cxf.bus.spring.SpringBus]; scope=; abstract=false; lazyInit=false; autowireMode=0; dependencyCheck=0; autowireCandidate=true; primary=false; factoryBeanName=null; factoryMethodName=null; initMethodName=null; destroyMethodName=shutdown; defined in class path resource [META-INF/cxf/cxf.xml]]
2019-03-10 20:11:08 INFO  factory.support.DefaultListableBeanFactory:822 - Overriding bean definition for bean 'org.apache.cxf.bus.spring.BusWiringBeanFactoryPostProcessor': replacing [Generic bean: class [org.apache.cxf.bus.spring.BusWiringBeanFactoryPostProcessor]; scope=; abstract=false; lazyInit=false; autowireMode=0; dependencyCheck=0; autowireCandidate=true; primary=false; factoryBeanName=null; factoryMethodName=null; initMethodName=null; destroyMethodName=null; defined in class path resource [META-INF/cxf/cxf.xml]] with [Generic bean: class [org.apache.cxf.bus.spring.BusWiringBeanFactoryPostProcessor]; scope=; abstract=false; lazyInit=false; autowireMode=0; dependencyCheck=0; autowireCandidate=true; primary=false; factoryBeanName=null; factoryMethodName=null; initMethodName=null; destroyMethodName=null; defined in class path resource [META-INF/cxf/cxf.xml]]
2019-03-10 20:11:09 INFO  factory.support.DefaultListableBeanFactory:822 - Overriding bean definition for bean 'org.apache.cxf.bus.spring.Jsr250BeanPostProcessor': replacing [Generic bean: class [org.apache.cxf.bus.spring.Jsr250BeanPostProcessor]; scope=; abstract=false; lazyInit=false; autowireMode=0; dependencyCheck=0; autowireCandidate=true; primary=false; factoryBeanName=null; factoryMethodName=null; initMethodName=null; destroyMethodName=null; defined in class path resource [META-INF/cxf/cxf.xml]] with [Generic bean: class [org.apache.cxf.bus.spring.Jsr250BeanPostProcessor]; scope=; abstract=false; lazyInit=false; autowireMode=0; dependencyCheck=0; autowireCandidate=true; primary=false; factoryBeanName=null; factoryMethodName=null; initMethodName=null; destroyMethodName=null; defined in class path resource [META-INF/cxf/cxf.xml]]
2019-03-10 20:11:09 INFO  factory.support.DefaultListableBeanFactory:822 - Overriding bean definition for bean 'org.apache.cxf.bus.spring.BusExtensionPostProcessor': replacing [Generic bean: class [org.apache.cxf.bus.spring.BusExtensionPostProcessor]; scope=; abstract=false; lazyInit=false; autowireMode=0; dependencyCheck=0; autowireCandidate=true; primary=false; factoryBeanName=null; factoryMethodName=null; initMethodName=null; destroyMethodName=null; defined in class path resource [META-INF/cxf/cxf.xml]] with [Generic bean: class [org.apache.cxf.bus.spring.BusExtensionPostProcessor]; scope=; abstract=false; lazyInit=false; autowireMode=0; dependencyCheck=0; autowireCandidate=true; primary=false; factoryBeanName=null; factoryMethodName=null; initMethodName=null; destroyMethodName=null; defined in class path resource [META-INF/cxf/cxf.xml]]
2019-03-10 20:11:09 INFO  factory.annotation.AutowiredAnnotationBeanPostProcessor:153 - JSR-330 'javax.inject.Inject' annotation found and supported for autowiring
2019-03-10 20:11:12 WARN  context.support.XmlWebApplicationContext:488 - Exception encountered during context initialization - cancelling refresh attempt: org.springframework.beans.factory.BeanCreationException: Error creating bean with name 'services': Cannot create inner bean 'com.epam.lab.rest.MailServiceImpl#288f173f' of type [com.epam.lab.rest.MailServiceImpl] while setting bean property 'serviceBeans' with key [0]; nested exception is org.springframework.beans.factory.CannotLoadBeanClassException: Cannot find class [com.epam.lab.rest.MailServiceImpl] for bean with name 'com.epam.lab.rest.MailServiceImpl#288f173f' defined in ServletContext resource [/WEB-INF/beans_rest.xml]; nested exception is java.lang.ClassNotFoundException: com.epam.lab.rest.MailServiceImpl
2019-03-10 20:11:13 ERROR web.context.ContextLoader:331 - Context initialization failed
org.springframework.beans.factory.BeanCreationException: Error creating bean with name 'services': Cannot create inner bean 'com.epam.lab.rest.MailServiceImpl#288f173f' of type [com.epam.lab.rest.MailServiceImpl] while setting bean property 'serviceBeans' with key [0]; nested exception is org.springframework.beans.factory.CannotLoadBeanClassException: Cannot find class [com.epam.lab.rest.MailServiceImpl] for bean with name 'com.epam.lab.rest.MailServiceImpl#288f173f' defined in ServletContext resource [/WEB-INF/beans_rest.xml]; nested exception is java.lang.ClassNotFoundException: com.epam.lab.rest.MailServiceImpl
	at org.springframework.beans.factory.support.BeanDefinitionValueResolver.resolveInnerBean(BeanDefinitionValueResolver.java:313)
	at org.springframework.beans.factory.support.BeanDefinitionValueResolver.resolveValueIfNecessary(BeanDefinitionValueResolver.java:122)
	at org.springframework.beans.factory.support.BeanDefinitionValueResolver.resolveManagedList(BeanDefinitionValueResolver.java:382)
	at org.springframework.beans.factory.support.BeanDefinitionValueResolver.resolveValueIfNecessary(BeanDefinitionValueResolver.java:157)
	at org.springframework.beans.factory.support.AbstractAutowireCapableBeanFactory.applyPropertyValues(AbstractAutowireCapableBeanFactory.java:1475)
	at org.springframework.beans.factory.support.AbstractAutowireCapableBeanFactory.populateBean(AbstractAutowireCapableBeanFactory.java:1220)
	at org.springframework.beans.factory.support.AbstractAutowireCapableBeanFactory.doCreateBean(AbstractAutowireCapableBeanFactory.java:537)
	at org.springframework.beans.factory.support.AbstractAutowireCapableBeanFactory.createBean(AbstractAutowireCapableBeanFactory.java:476)
	at org.springframework.beans.factory.support.AbstractBeanFactory$1.getObject(AbstractBeanFactory.java:303)
	at org.springframework.beans.factory.support.DefaultSingletonBeanRegistry.getSingleton(DefaultSingletonBeanRegistry.java:230)
	at org.springframework.beans.factory.support.AbstractBeanFactory.doGetBean(AbstractBeanFactory.java:299)
	at org.springframework.beans.factory.support.AbstractBeanFactory.getBean(AbstractBeanFactory.java:194)
	at org.springframework.beans.factory.support.DefaultListableBeanFactory.preInstantiateSingletons(DefaultListableBeanFactory.java:755)
	at org.springframework.context.support.AbstractApplicationContext.finishBeanFactoryInitialization(AbstractApplicationContext.java:762)
	at org.springframework.context.support.AbstractApplicationContext.refresh(AbstractApplicationContext.java:480)
	at org.springframework.web.context.ContextLoader.configureAndRefreshWebApplicationContext(ContextLoader.java:434)
	at org.springframework.web.context.ContextLoader.initWebApplicationContext(ContextLoader.java:306)
	at org.springframework.web.context.ContextLoaderListener.contextInitialized(ContextLoaderListener.java:106)
	at org.apache.catalina.core.StandardContext.listenerStart(StandardContext.java:4135)
	at org.apache.catalina.core.StandardContext.start(StandardContext.java:4630)
	at org.apache.catalina.core.ContainerBase.start(ContainerBase.java:1045)
	at org.apache.catalina.core.StandardHost.start(StandardHost.java:785)
	at org.apache.catalina.core.ContainerBase.start(ContainerBase.java:1045)
	at org.apache.catalina.core.StandardEngine.start(StandardEngine.java:445)
	at org.apache.catalina.startup.Embedded.start(Embedded.java:825)
	at org.codehaus.mojo.tomcat.AbstractRunMojo.startContainer(AbstractRunMojo.java:558)
	at org.codehaus.mojo.tomcat.AbstractRunMojo.execute(AbstractRunMojo.java:255)
	at org.apache.maven.plugin.DefaultBuildPluginManager.executeMojo(DefaultBuildPluginManager.java:137)
	at org.apache.maven.lifecycle.internal.MojoExecutor.execute(MojoExecutor.java:210)
	at org.apache.maven.lifecycle.internal.MojoExecutor.execute(MojoExecutor.java:156)
	at org.apache.maven.lifecycle.internal.MojoExecutor.execute(MojoExecutor.java:148)
	at org.apache.maven.lifecycle.internal.LifecycleModuleBuilder.buildProject(LifecycleModuleBuilder.java:117)
	at org.apache.maven.lifecycle.internal.LifecycleModuleBuilder.buildProject(LifecycleModuleBuilder.java:81)
	at org.apache.maven.lifecycle.internal.builder.singlethreaded.SingleThreadedBuilder.build(SingleThreadedBuilder.java:56)
	at org.apache.maven.lifecycle.internal.LifecycleStarter.execute(LifecycleStarter.java:128)
	at org.apache.maven.DefaultMaven.doExecute(DefaultMaven.java:305)
	at org.apache.maven.DefaultMaven.doExecute(DefaultMaven.java:192)
	at org.apache.maven.DefaultMaven.execute(DefaultMaven.java:105)
	at org.apache.maven.cli.MavenCli.execute(MavenCli.java:956)
	at org.apache.maven.cli.MavenCli.doMain(MavenCli.java:288)
	at org.apache.maven.cli.MavenCli.main(MavenCli.java:192)
	at sun.reflect.NativeMethodAccessorImpl.invoke0(Native Method)
	at sun.reflect.NativeMethodAccessorImpl.invoke(NativeMethodAccessorImpl.java:62)
	at sun.reflect.DelegatingMethodAccessorImpl.invoke(DelegatingMethodAccessorImpl.java:43)
	at java.lang.reflect.Method.invoke(Method.java:498)
	at org.codehaus.plexus.classworlds.launcher.Launcher.launchEnhanced(Launcher.java:289)
	at org.codehaus.plexus.classworlds.launcher.Launcher.launch(Launcher.java:229)
	at org.codehaus.plexus.classworlds.launcher.Launcher.mainWithExitCode(Launcher.java:415)
	at org.codehaus.plexus.classworlds.launcher.Launcher.main(Launcher.java:356)
Caused by: org.springframework.beans.factory.CannotLoadBeanClassException: Cannot find class [com.epam.lab.rest.MailServiceImpl] for bean with name 'com.epam.lab.rest.MailServiceImpl#288f173f' defined in ServletContext resource [/WEB-INF/beans_rest.xml]; nested exception is java.lang.ClassNotFoundException: com.epam.lab.rest.MailServiceImpl
	at org.springframework.beans.factory.support.AbstractBeanFactory.resolveBeanClass(AbstractBeanFactory.java:1328)
	at org.springframework.beans.factory.support.AbstractAutowireCapableBeanFactory.createBean(AbstractAutowireCapableBeanFactory.java:453)
	at org.springframework.beans.factory.support.BeanDefinitionValueResolver.resolveInnerBean(BeanDefinitionValueResolver.java:299)
	... 48 more
Caused by: java.lang.ClassNotFoundException: com.epam.lab.rest.MailServiceImpl
	at org.apache.catalina.loader.WebappClassLoader.loadClass(WebappClassLoader.java:1645)
	at org.apache.catalina.loader.WebappClassLoader.loadClass(WebappClassLoader.java:1491)
	at org.springframework.util.ClassUtils.forName(ClassUtils.java:249)
	at org.springframework.beans.factory.support.AbstractBeanDefinition.resolveBeanClass(AbstractBeanDefinition.java:395)
	at org.springframework.beans.factory.support.AbstractBeanFactory.doResolveBeanClass(AbstractBeanFactory.java:1351)
	at org.springframework.beans.factory.support.AbstractBeanFactory.resolveBeanClass(AbstractBeanFactory.java:1320)
	... 50 more
